warning: profiles for the non root package will be ignored, specify profiles at the workspace root:
package:   D:\Rust\OS\OS\userland\programs\test\Cargo.toml
workspace: D:\Rust\OS\OS\Cargo.toml
warning: profiles for the non root package will be ignored, specify profiles at the workspace root:
package:   D:\Rust\OS\OS\userland\programs\init\Cargo.toml
workspace: D:\Rust\OS\OS\Cargo.toml
warning: profiles for the non root package will be ignored, specify profiles at the workspace root:
package:   D:\Rust\OS\OS\userland\programs\syscall_test\Cargo.toml
workspace: D:\Rust\OS\OS\Cargo.toml
warning: D:\Rust\OS\OS\builder\Cargo.toml: only one of `license` or `license-file` is necessary
`license` should be used if the package license can be expressed with a standard SPDX expression.
`license-file` should be used if the package uses a non-standard license.
See https://doc.rust-lang.org/cargo/reference/manifest.html#the-license-and-license-file-fields for more information.
warning: D:\Rust\OS\OS\kernel\Cargo.toml: only one of `license` or `license-file` is necessary
`license` should be used if the package license can be expressed with a standard SPDX expression.
`license-file` should be used if the package uses a non-standard license.
See https://doc.rust-lang.org/cargo/reference/manifest.html#the-license-and-license-file-fields for more information.
warning: D:\Rust\OS\OS\userland\programs\shell\Cargo.toml: only one of `license` or `license-file` is necessary
`license` should be used if the package license can be expressed with a standard SPDX expression.
`license-file` should be used if the package uses a non-standard license.
See https://doc.rust-lang.org/cargo/reference/manifest.html#the-license-and-license-file-fields for more information.
warning: D:\Rust\OS\OS\userland\libuser\Cargo.toml: only one of `license` or `license-file` is necessary
`license` should be used if the package license can be expressed with a standard SPDX expression.
`license-file` should be used if the package uses a non-standard license.
See https://doc.rust-lang.org/cargo/reference/manifest.html#the-license-and-license-file-fields for more information.
    Blocking waiting for file lock on package cache
    Updating crates.io index
    Blocking waiting for file lock on package cache
     Locking 1 package to latest compatible version
    Updating bootloader v0.11.10 -> v0.11.12
    Blocking waiting for file lock on package cache
    Blocking waiting for file lock on package cache
    Blocking waiting for file lock on package cache
    Blocking waiting for file lock on package cache
    Blocking waiting for file lock on package cache
   Compiling compiler_builtins v0.1.160 (C:\Users\jungamer64\.rustup\toolchains\nightly-x86_64-pc-windows-msvc\lib\rustlib\src\rust\library\compiler-builtins\compiler-builtins)
   Compiling core v0.0.0 (C:\Users\jungamer64\.rustup\toolchains\nightly-x86_64-pc-windows-msvc\lib\rustlib\src\rust\library\core)
   Compiling syn v2.0.110
   Compiling serde_core v1.0.228
   Compiling serde v1.0.228
   Compiling getrandom v0.3.4
   Compiling radium v0.7.0
   Compiling thiserror v1.0.69
   Compiling anyhow v1.0.100
   Compiling serde_json v1.0.145
   Compiling bootloader v0.11.12
error: failed to build archive at `D:\Rust\OS\OS\target\debug\deps\libsyn-94923faebcb18ce3.rlib`: failed to map object file: ファイルを格納しているボリュームが外部的に変更されたため、開かれているファイルが無効になりました。 (os error 1006)

error: could not compile `syn` (lib) due to 1 previous error
warning: build failed, waiting for other jobs to finish...
error: failed to run custom build command for `bootloader v0.11.12`

Caused by:
  process didn't exit successfully: `D:\Rust\OS\OS\target\debug\build\bootloader-7b5622c3cdf5db07\build-script-build` (exit code: 101)
  --- stdout
  cargo:rustc-env=UEFI_BOOTLOADER_PATH=D:\Rust\OS\OS\target\x86_64-pc-windows-msvc\debug\build\bootloader-d8a5faf9ff3208ba\out\bin\bootloader-x86_64-uefi.efi

  --- stderr
      Updating crates.io index
      Blocking waiting for file lock on package cache
      Blocking waiting for file lock on package cache
      Blocking waiting for file lock on package cache
      Blocking waiting for file lock on package cache
      Updating crates.io index
      Blocking waiting for file lock on crate metadata
    Installing bootloader-x86_64-uefi v0.11.12
      Blocking waiting for file lock on package cache
      Blocking waiting for file lock on package cache
      Updating crates.io index
    Installing bootloader-x86_64-bios-stage-4 v0.11.12
      Blocking waiting for file lock on package cache
      Updating crates.io index
    Installing bootloader-x86_64-bios-stage-3 v0.11.12
      Blocking waiting for file lock on package cache
      Updating crates.io index
    Installing bootloader-x86_64-bios-boot-sector v0.11.12
      Blocking waiting for file lock on package cache
      Updating crates.io index
    Installing bootloader-x86_64-bios-stage-2 v0.11.12
      Blocking waiting for file lock on package cache
      Blocking waiting for file lock on package cache
      Updating crates.io index
      Blocking waiting for file lock on package cache
      Updating crates.io index
      Blocking waiting for file lock on package cache
      Blocking waiting for file lock on package cache
      Updating crates.io index
      Blocking waiting for file lock on package cache
  warning: package `atomic-polyfill v0.1.11` in Cargo.lock is yanked in registry `crates-io`, consider running without --locked
  warning: package `critical-section v1.1.1` in Cargo.lock is yanked in registry `crates-io`, consider running without --locked
  warning: package `atomic-polyfill v0.1.11` in Cargo.lock is yanked in registry `crates-io`, consider running without --locked
  warning: package `critical-section v1.1.1` in Cargo.lock is yanked in registry `crates-io`, consider running without --locked
      Updating crates.io index
      Blocking waiting for file lock on package cache
      Updating crates.io index
      Blocking waiting for file lock on package cache
      Blocking waiting for file lock on package cache
      Blocking waiting for file lock on package cache
      Blocking waiting for file lock on package cache
      Updating crates.io index
      Blocking waiting for file lock on package cache
      Blocking waiting for file lock on package cache
      Updating crates.io index
      Blocking waiting for file lock on package cache
      Blocking waiting for file lock on package cache
      Updating crates.io index
      Blocking waiting for file lock on package cache
      Blocking waiting for file lock on package cache
      Blocking waiting for file lock on package cache
      Updating crates.io index
      Blocking waiting for file lock on package cache
      Blocking waiting for file lock on package cache
      Blocking waiting for file lock on package cache
      Blocking waiting for file lock on package cache
      Blocking waiting for file lock on package cache
      Blocking waiting for file lock on package cache
      Blocking waiting for file lock on package cache
      Blocking waiting for file lock on package cache
      Blocking waiting for file lock on package cache
      Blocking waiting for file lock on package cache
      Blocking waiting for file lock on package cache
      Blocking waiting for file lock on package cache
     Compiling compiler_builtins v0.1.160 (C:\Users\jungamer64\.rustup\toolchains\nightly-x86_64-pc-windows-msvc\lib\rustlib\src\rust\library\compiler-builtins\compiler-builtins)
     Compiling core v0.0.0 (C:\Users\jungamer64\.rustup\toolchains\nightly-x86_64-pc-windows-msvc\lib\rustlib\src\rust\library\core)
     Compiling bootloader-x86_64-bios-stage-2 v0.11.12
     Compiling compiler_builtins v0.1.160 (C:\Users\jungamer64\.rustup\toolchains\nightly-x86_64-pc-windows-msvc\lib\rustlib\src\rust\library\compiler-builtins\compiler-builtins)
     Compiling compiler_builtins v0.1.160 (C:\Users\jungamer64\.rustup\toolchains\nightly-x86_64-pc-windows-msvc\lib\rustlib\src\rust\library\compiler-builtins\compiler-builtins)
     Compiling core v0.0.0 (C:\Users\jungamer64\.rustup\toolchains\nightly-x86_64-pc-windows-msvc\lib\rustlib\src\rust\library\core)
     Compiling bootloader-x86_64-bios-stage-3 v0.11.12
     Compiling bootloader-x86_64-bios-boot-sector v0.11.12
     Compiling core v0.0.0 (C:\Users\jungamer64\.rustup\toolchains\nightly-x86_64-pc-windows-msvc\lib\rustlib\src\rust\library\core)
     Compiling compiler_builtins v0.1.160 (C:\Users\jungamer64\.rustup\toolchains\nightly-x86_64-pc-windows-msvc\lib\rustlib\src\rust\library\compiler-builtins\compiler-builtins)
     Compiling core v0.0.0 (C:\Users\jungamer64\.rustup\toolchains\nightly-x86_64-pc-windows-msvc\lib\rustlib\src\rust\library\core)
     Compiling proc-macro2 v1.0.63
     Compiling quote v1.0.29
     Compiling unicode-ident v1.0.10
     Compiling compiler_builtins v0.1.160 (C:\Users\jungamer64\.rustup\toolchains\nightly-x86_64-pc-windows-msvc\lib\rustlib\src\rust\library\compiler-builtins\compiler-builtins)
     Compiling autocfg v1.1.0
     Compiling semver v1.0.17
     Compiling core v0.0.0 (C:\Users\jungamer64\.rustup\toolchains\nightly-x86_64-pc-windows-msvc\lib\rustlib\src\rust\library\core)
     Compiling syn v1.0.109
     Compiling lock_api v0.4.10
     Compiling rustversion v1.0.13
     Compiling proc-macro2 v1.0.63
     Compiling serde v1.0.166
     Compiling unicode-ident v1.0.10
     Compiling x86 v0.52.0
     Compiling autocfg v1.1.0
     Compiling quote v1.0.29
     Compiling lock_api v0.4.10
     Compiling bootloader_api v0.11.12
     Compiling rustc_version v0.4.0
     Compiling semver v1.0.17
     Compiling syn v2.0.23
     Compiling heapless v0.7.16
     Compiling serde v1.0.166
     Compiling rustversion v1.0.13
     Compiling x86 v0.52.0
     Compiling bootloader_api v0.11.12
     Compiling syn v2.0.23
     Compiling rustc_version v0.4.0
     Compiling serde_derive v1.0.166
     Compiling bootloader-x86_64-bios-stage-4 v0.11.12
     Compiling heapless v0.7.16
     Compiling serde_derive v1.0.166
     Compiling ptr_meta_derive v0.2.0
     Compiling uefi-macros v0.11.0
     Compiling byteorder v1.4.3
     Compiling bootloader-x86_64-bios-common v0.11.12
     Compiling mbr-nostd v0.1.0
     Compiling noto-sans-mono-bitmap v0.1.6
     Compiling bootloader-x86_64-bios-common v0.11.12
     Compiling scopeguard v1.1.0
     Compiling scopeguard v1.1.0
     Compiling bit_field v0.10.2
     Compiling bitflags v1.3.2
     Compiling bit_field v0.10.2
     Compiling raw-cpuid v10.7.0
     Compiling bitflags v2.3.3
     Compiling bitflags v1.3.2
     Compiling byteorder v1.4.3
     Compiling rand_core v0.6.4
     Compiling byteorder v1.4.3
     Compiling raw-cpuid v10.7.0
     Compiling rand_core v0.6.4
     Compiling spin v0.9.8
     Compiling bitflags v2.3.3
     Compiling hash32 v0.2.1
     Compiling volatile v0.4.6
     Compiling hash32 v0.2.1
     Compiling spin v0.9.8
     Compiling conquer-util v0.3.0
     Compiling stable_deref_trait v1.2.0
      Finished `stage-1` profile [optimized] target(s) in 53.99s
     Compiling   Compiling log v0.4.19
   log v0.4.19
     Compiling zero v0.1.3
    Installing D:\Rust\OS\OS\target\x86_64-pc-windows-msvc\debug\build\bootloader-d8a5faf9ff3208ba\out\bin\bootloader-x86_64-bios-boot-sector
     Installed package `bootloader-x86_64-bios-boot-sector v0.11.12` (executable `bootloader-x86_64-bios-boot-sector`)
     Compiling zero v0.1.3
     Compiling conquer-util v0.3.0
     Compiling stable_deref_trait v1.2.0
     Compiling x86_64 v0.15.2
     Compiling volatile v0.4.6
  warning: be sure to add `D:\Rust\OS\OS\target\x86_64-pc-windows-msvc\debug\build\bootloader-d8a5faf9ff3208ba\out\bin` to your PATH to be able to run the installed binaries
     Compiling xmas-elf v0.8.0
     Compiling x86_64 v0.15.2
     Compiling uart_16550 v0.3.2
     Compiling uart_16550 v0.3.2
     Compiling conquer-once v0.3.2
  error: linking with `rust-lld` failed: exit code: 1
    |
    = note: "rust-lld" "-flavor" "gnu" "C:\\Users\\JUNGAM~1\\AppData\\Local\\Temp\\rustcNN5zrm\\symbols.o" "<1 object files omitted>" "--as-needed" "-Bstatic" "C:\\Users\\jungamer64\\AppData\\Local\\Temp\\cargo-installQvP1cK\\i386-code16-stage-2\\stage-2\\deps/{libmbr_nostd-76d11a7f6f9f4202,libbyteorder-ddd5c04d42d2bdf2,libbootloader_x86_64_bios_common-247783733b868253,libcore-17cdfdc4481c1fad}.rlib" "C:\\Users\\JUNGAM~1\\AppData\\Local\\Temp\\cargo-installQvP1cK\\i386-code16-stage-2\\stage-2\\deps/libcompiler_builtins-d451dac2a804cfc2.rlib" "-L" "C:\\Users\\JUNGAM~1\\AppData\\Local\\Temp\\rustcNN5zrm\\raw-dylibs" "-Bdynamic" "--eh-frame-hdr" "-z" "noexecstack" "-o" "C:\\Users\\JUNGAM~1\\AppData\\Local\\Temp\\cargo-installQvP1cK\\i386-code16-stage-2\\stage-2\\deps\\bootloader_x86_64_bios_stage_2-56b758669a37f122" "--gc-sections" "--strip-debug" "--script=C:\\Users\\jungamer64\\.cargo\\registry\\src\\index.crates.io-1949cf8c6b5b557f\\bootloader-x86_64-bios-stage-2-0.11.12\\stage-2-link.ld"
    = note: some arguments are omitted. use `--verbose` to show all linker arguments
    = note: rust-lld: error: C:\Users\JUNGAM~1\AppData\Local\Temp\cargo-installQvP1cK\i386-code16-stage-2\stage-2\deps\bootloader_x86_64_bios_stage_2-56b758669a37f122.bootloader_x86_64_bios_stage_2.95970c87ca737624-cgu.0.rcgu.o:(function bootloader_x86_64_bios_stage_2::start: .text._RNvCscQgnLcfW88O_30bootloader_x86_64_bios_stage_25start+0x251): relocation R_386_16 out of range: 74743 is not in [-32768, 65535]; references section '.bss._RNvNvXNtCscQgnLcfW88O_30bootloader_x86_64_bios_stage_24diskNtB4_10DiskAccessNtB4_4Read10read_exact7TMP_BUF'
            >>> referenced by bootloader_x86_64_bios_stage_2.95970c87ca737624-cgu.0
            
            rust-lld: error: C:\Users\JUNGAM~1\AppData\Local\Temp\cargo-installQvP1cK\i386-code16-stage-2\stage-2\deps\bootloader_x86_64_bios_stage_2-56b758669a37f122.bootloader_x86_64_bios_stage_2.95970c87ca737624-cgu.0.rcgu.o:(function bootloader_x86_64_bios_stage_2::start: .text._RNvCscQgnLcfW88O_30bootloader_x86_64_bios_stage_25start+0x25a): relocation R_386_16 out of range: 74745 is not in [-32768, 65535]; references section '.bss._RNvNvXNtCscQgnLcfW88O_30bootloader_x86_64_bios_stage_24diskNtB4_10DiskAccessNtB4_4Read10read_exact7TMP_BUF'
            >>> referenced by bootloader_x86_64_bios_stage_2.95970c87ca737624-cgu.0
            
            rust-lld: error: C:\Users\JUNGAM~1\AppData\Local\Temp\cargo-installQvP1cK\i386-code16-stage-2\stage-2\deps\bootloader_x86_64_bios_stage_2-56b758669a37f122.bootloader_x86_64_bios_stage_2.95970c87ca737624-cgu.0.rcgu.o:(function bootloader_x86_64_bios_stage_2::start: .text._RNvCscQgnLcfW88O_30bootloader_x86_64_bios_stage_25start+0x260): relocation R_386_16 out of range: 74751 is not in [-32768, 65535]; references section '.bss._RNvNvXNtCscQgnLcfW88O_30bootloader_x86_64_bios_stage_24diskNtB4_10DiskAccessNtB4_4Read10read_exact7TMP_BUF'
            >>> referenced by bootloader_x86_64_bios_stage_2.95970c87ca737624-cgu.0
            
            rust-lld: error: C:\Users\JUNGAM~1\AppData\Local\Temp\cargo-installQvP1cK\i386-code16-stage-2\stage-2\deps\bootloader_x86_64_bios_stage_2-56b758669a37f122.bootloader_x86_64_bios_stage_2.95970c87ca737624-cgu.0.rcgu.o:(function bootloader_x86_64_bios_stage_2::start: .text._RNvCscQgnLcfW88O_30bootloader_x86_64_bios_stage_25start+0x265): relocation R_386_16 out of range: 74764 is not in [-32768, 65535]; references section '.bss._RNvNvXNtCscQgnLcfW88O_30bootloader_x86_64_bios_stage_24diskNtB4_10DiskAccessNtB4_4Read10read_exact7TMP_BUF'
            >>> referenced by bootloader_x86_64_bios_stage_2.95970c87ca737624-cgu.0
            
            rust-lld: error: C:\Users\JUNGAM~1\AppData\Local\Temp\cargo-installQvP1cK\i386-code16-stage-2\stage-2\deps\bootloader_x86_64_bios_stage_2-56b758669a37f122.bootloader_x86_64_bios_stage_2.95970c87ca737624-cgu.0.rcgu.o:(function bootloader_x86_64_bios_stage_2::start: .text._RNvCscQgnLcfW88O_30bootloader_x86_64_bios_stage_25start+0x278): relocation R_386_16 out of range: 74746 is not in [-32768, 65535]; references section '.bss._RNvNvXNtCscQgnLcfW88O_30bootloader_x86_64_bios_stage_24diskNtB4_10DiskAccessNtB4_4Read10read_exact7TMP_BUF'
            >>> referenced by bootloader_x86_64_bios_stage_2.95970c87ca737624-cgu.0
            
            rust-lld: error: C:\Users\JUNGAM~1\AppData\Local\Temp\cargo-installQvP1cK\i386-code16-stage-2\stage-2\deps\bootloader_x86_64_bios_stage_2-56b758669a37f122.bootloader_x86_64_bios_stage_2.95970c87ca737624-cgu.0.rcgu.o:(function bootloader_x86_64_bios_stage_2::start: .text._RNvCscQgnLcfW88O_30bootloader_x86_64_bios_stage_25start+0x289): relocation R_386_16 out of range: 74749 is not in [-32768, 65535]; references section '.bss._RNvNvXNtCscQgnLcfW88O_30bootloader_x86_64_bios_stage_24diskNtB4_10DiskAccessNtB4_4Read10read_exact7TMP_BUF'
            >>> referenced by bootloader_x86_64_bios_stage_2.95970c87ca737624-cgu.0
            
            rust-lld: error: C:\Users\JUNGAM~1\AppData\Local\Temp\cargo-installQvP1cK\i386-code16-stage-2\stage-2\deps\bootloader_x86_64_bios_stage_2-56b758669a37f122.bootloader_x86_64_bios_stage_2.95970c87ca737624-cgu.0.rcgu.o:(function bootloader_x86_64_bios_stage_2::start: .text._RNvCscQgnLcfW88O_30bootloader_x86_64_bios_stage_25start+0x294): relocation R_386_16 out of range: 74754 is not in [-32768, 65535]; references section '.bss._RNvNvXNtCscQgnLcfW88O_30bootloader_x86_64_bios_stage_24diskNtB4_10DiskAccessNtB4_4Read10read_exact7TMP_BUF'
            >>> referenced by bootloader_x86_64_bios_stage_2.95970c87ca737624-cgu.0
            
            rust-lld: error: C:\Users\JUNGAM~1\AppData\Local\Temp\cargo-installQvP1cK\i386-code16-stage-2\stage-2\deps\bootloader_x86_64_bios_stage_2-56b758669a37f122.bootloader_x86_64_bios_stage_2.95970c87ca737624-cgu.0.rcgu.o:(function bootloader_x86_64_bios_stage_2::start: .text._RNvCscQgnLcfW88O_30bootloader_x86_64_bios_stage_25start+0x2c3): relocation R_386_16 out of range: 74768 is not in [-32768, 65535]; references section '.bss._RNvNvXNtCscQgnLcfW88O_30bootloader_x86_64_bios_stage_24diskNtB4_10DiskAccessNtB4_4Read10read_exact7TMP_BUF'
            >>> referenced by bootloader_x86_64_bios_stage_2.95970c87ca737624-cgu.0
            
            rust-lld: error: C:\Users\JUNGAM~1\AppData\Local\Temp\cargo-installQvP1cK\i386-code16-stage-2\stage-2\deps\bootloader_x86_64_bios_stage_2-56b758669a37f122.bootloader_x86_64_bios_stage_2.95970c87ca737624-cgu.0.rcgu.o:(function bootloader_x86_64_bios_stage_2::start: .text._RNvCscQgnLcfW88O_30bootloader_x86_64_bios_stage_25start+0x2c8): relocation R_386_16 out of range: 74776 is not in [-32768, 65535]; references section '.bss._RNvNvXNtCscQgnLcfW88O_30bootloader_x86_64_bios_stage_24diskNtB4_10DiskAccessNtB4_4Read10read_exact7TMP_BUF'
            >>> referenced by bootloader_x86_64_bios_stage_2.95970c87ca737624-cgu.0
            

     Compiling xmas-elf v0.8.0
     Compiling conquer-once v0.3.2
  error: could not compile `bootloader-x86_64-bios-stage-2` (bin "bootloader-x86_64-bios-stage-2") due to 1 previous error
     Compiling bootloader-boot-config v0.11.12
  error: failed to compile `bootloader-x86_64-bios-stage-2 v0.11.12`, intermediate artifacts can be found at `C:\Users\JUNGAM~1\AppData\Local\Temp\cargo-installQvP1cK`.
  To reuse those artifacts with a future compilation, set the environment variable `CARGO_TARGET_DIR` to that path.

  thread '<unnamed>' (21056) panicked at C:\Users\jungamer64\.cargo\registry\src\index.crates.io-1949cf8c6b5b557f\bootloader-0.11.12\build.rs:229:9:
  failed to build bios second stage
  note: run with `RUST_BACKTRACE=1` environment variable to display a backtrace

  thread '<unnamed>' (23380) panicked at C:\Users\jungamer64\.cargo\registry\src\index.crates.io-1949cf8c6b5b557f\bootloader-0.11.12\build.rs:34:61:
  called `Result::unwrap()` on an `Err` value: Any { .. }
     Compiling rand_hc v0.3.2
     Compiling bootloader-boot-config v0.11.12
     Compiling rand v0.8.5
     Compiling spinning_top v0.2.5
     Compiling rand v0.8.5
     Compiling rand_hc v0.3.2
     Compiling usize_conversions v0.2.0
     Compiling spinning_top v0.2.5
     Compiling ucs2 v0.3.2
     Compiling ryu v1.0.14
     Compiling noto-sans-mono-bitmap v0.2.0
     Compiling ryu v1.0.14
     Compiling rsdp v2.0.0
     Compiling ptr_meta v0.2.0
     Compiling noto-sans-mono-bitmap v0.2.0
     Compiling serde-json-core v0.5.0
     Compiling bootloader-x86_64-bios-common v0.11.12
     Compiling usize_conversions v0.2.0
     Compiling serde-json-core v0.5.0
     Compiling bootloader-x86_64-common v0.11.12
     Compiling bootloader-x86_64-common v0.11.12
     Compiling uefi v0.20.0
      Finished `stage-4` profile [optimized + debuginfo] target(s) in 1m 03s
    Installing D:\Rust\OS\OS\target\x86_64-pc-windows-msvc\debug\build\bootloader-d8a5faf9ff3208ba\out\bin\bootloader-x86_64-bios-stage-4
     Installed package `bootloader-x86_64-bios-stage-4 v0.11.12` (executable `bootloader-x86_64-bios-stage-4`)
  warning: be sure to add `D:\Rust\OS\OS\target\x86_64-pc-windows-msvc\debug\build\bootloader-d8a5faf9ff3208ba\out\bin` to your PATH to be able to run the installed binaries
     Compiling bootloader-x86_64-uefi v0.11.12
      Finished `release` profile [optimized] target(s) in 1m 06s
    Installing D:\Rust\OS\OS\target\x86_64-pc-windows-msvc\debug\build\bootloader-d8a5faf9ff3208ba\out\bin\bootloader-x86_64-uefi.efi
     Installed package `bootloader-x86_64-uefi v0.11.12` (executable `bootloader-x86_64-uefi.efi`)
  warning: be sure to add `D:\Rust\OS\OS\target\x86_64-pc-windows-msvc\debug\build\bootloader-d8a5faf9ff3208ba\out\bin` to your PATH to be able to run the installed binaries

  thread 'main' (23164) panicked at C:\Users\jungamer64\.cargo\registry\src\index.crates.io-1949cf8c6b5b557f\bootloader-0.11.12\build.rs:17:29:
  called `Result::unwrap()` on an `Err` value: Any { .. }
      Finished `stage-3` profile [optimized + debuginfo] target(s) in 1m 14s
    Installing D:\Rust\OS\OS\target\x86_64-pc-windows-msvc\debug\build\bootloader-d8a5faf9ff3208ba\out\bin\bootloader-x86_64-bios-stage-3
     Installed package `bootloader-x86_64-bios-stage-3 v0.11.12` (executable `bootloader-x86_64-bios-stage-3`)
  warning: be sure to add `D:\Rust\OS\OS\target\x86_64-pc-windows-msvc\debug\build\bootloader-d8a5faf9ff3208ba\out\bin` to your PATH to be able to run the installed binaries
